<?xml version="1.0" encoding="UTF-8"?>
<!-- Generated by org.testng.reporters.JUnitReportReporter -->
<testsuite hostname="LP000492" failures="0" tests="1" name="runners.TestRunner" time="9.382" errors="0" timestamp="2021-01-14T14:14:05 PST" skipped="0">
  <testcase classname="runners.TestRunner" name="feature" time="9.382"/>
  <system-out/>
</testsuite> <!-- runners.TestRunner -->
