<?xml version="1.0" encoding="UTF-8"?>
<!-- Generated by org.testng.reporters.JUnitReportReporter -->
<testsuite hostname="DESKTOP-NNJDGDV" failures="0" tests="1" name="TestRunner" time="20.214" errors="0" timestamp="11 Jan 2021 01:28:29 GMT">
  <testcase classname="TestRunner" name="feature" time="20.214"/>
</testsuite> <!-- TestRunner -->
