<?xml version="1.0" encoding="UTF-8"?>
<!-- Generated by org.testng.reporters.JUnitReportReporter -->
<testsuite hostname="LAPTOP-QVTLIGA0" failures="0" tests="1" name="runners.ExecuteRunner" time="7.898" errors="0" timestamp="2024-09-19T19:56:19 IST" skipped="1">
  <testcase classname="runners.ExecuteRunner" name="feature" time="7.898">
    <skipped/>
  </testcase> <!-- feature -->
  <system-out/>
</testsuite> <!-- runners.ExecuteRunner -->
